<!DOCTYPE html PUBLIC "-//W3C//DTD XHTML 1.1//EN" "https://www.w3.org/TR/xhtml11/DTD/xhtml11.dtd">
<html xmlns="https://www.w3.org/1999/xhtml">
<head>
<meta http-equiv="content-type" content="text/html; charset=UTF-8"/>
<title>TestNG Report</title>
<style type="text/css">table {margin-bottom:10px;border-collapse:collapse;empty-cells:show}th,td {border:1px solid #009;padding:.25em .5em}th {vertical-align:bottom}td {vertical-align:top}table a {font-weight:bold}.stripe td {background-color: #E6EBF9}.num {text-align:right}.passedodd td {background-color: #3F3}.passedeven td {background-color: #0A0}.skippedodd td {background-color: #DDD}.skippedeven td {background-color: #CCC}.failedodd td,.attn {background-color: #F33}.failedeven td,.stripe .attn {background-color: #D00}.stacktrace {white-space:pre;font-family:monospace}.totop {font-size:85%;text-align:center;border-bottom:2px solid #000}.invisible {display:none}</style>
</head>
<body>
<table>
<tr><th>Test</th><th># Passed</th><th># Skipped</th><th># Retried</th><th># Failed</th><th>Time (ms)</th><th>Included Groups</th><th>Excluded Groups</th></tr>
<tr><th colspan="8">Default Suite</th></tr>
<tr><td><a href="#t0">ImageMysql</a></td><td class="num">3</td><td class="num">0</td><td class="num">0</td><td class="num attn">10</td><td class="num">101,233</td><td></td><td></td></tr>
</table>
<table id='summary'><thead><tr><th>Class</th><th>Method</th><th>Start</th><th>Time (ms)</th></tr></thead><tbody><tr><th colspan="4">Default Suite</th></tr></tbody><tbody id="t0"><tr><th colspan="4">ImageMysql &#8212; failed</th></tr><tr class="failedeven"><td rowspan="10">testng.TestLoginWeb</td><td><a href="#m0">checkListAccountLoginSuccess</a></td><td rowspan="9">1701098873480</td><td rowspan="9">6284</td></tr><tr class="failedeven"><td><a href="#m1">checkListAccountLoginSuccess</a></td></tr><tr class="failedeven"><td><a href="#m2">checkListAccountLoginSuccess</a></td></tr><tr class="failedeven"><td><a href="#m3">checkListAccountLoginSuccess</a></td></tr><tr class="failedeven"><td><a href="#m4">checkListAccountLoginSuccess</a></td></tr><tr class="failedeven"><td><a href="#m5">checkListAccountLoginSuccess</a></td></tr><tr class="failedeven"><td><a href="#m6">checkListAccountLoginSuccess</a></td></tr><tr class="failedeven"><td><a href="#m7">checkListAccountLoginSuccess</a></td></tr><tr class="failedeven"><td><a href="#m8">checkListAccountLoginSuccess</a></td></tr><tr class="failedeven"><td><a href="#m9">checkLoginFail</a></td><td rowspan="1">1701098901302</td><td rowspan="1">6272</td></tr><tr><th colspan="4">ImageMysql &#8212; passed</th></tr><tr class="passedeven"><td rowspan="3">testng.TestLoginWeb</td><td><a href="#m10">checkListAccountLoginSuccess</a></td><td rowspan="1">1701098820475</td><td rowspan="1">15319</td></tr><tr class="passedeven"><td><a href="#m11">checkLoginRemember</a></td><td rowspan="1">1701098907578</td><td rowspan="1">1</td></tr><tr class="passedeven"><td><a href="#m12">checkLoginSuccess</a></td><td rowspan="1">1701098886068</td><td rowspan="1">15230</td></tr></tbody>
</table>
<h2>ImageMysql</h2><h3 id="m0">testng.TestLoginWeb#checkListAccountLoginSuccess</h3><table class="result"><tr class="param"><th>Parameter #1</th></tr><tr class="param stripe"><td>Account{userName=&apos;panda.toila@gmail.com8&apos;, password=&apos;Matkhau@123&apos;}</td></tr><tr><th>Exception</th></tr><tr><td><div class="stacktrace">java.lang.AssertionError: expected [true] but found [false]
	at testng.TestLoginWeb.checkListAccountLoginSuccess(TestLoginWeb.java:98)
	at java.base/java.util.ArrayList.forEach(ArrayList.java:1541)
	at com.intellij.rt.testng.IDEARemoteTestNG.run(IDEARemoteTestNG.java:66)
	at com.intellij.rt.testng.RemoteTestNGStarter.main(RemoteTestNGStarter.java:109)
... Removed 28 stack frames</div></td></tr></table><p class="totop"><a href="#summary">back to summary</a></p>
<h3 id="m1">testng.TestLoginWeb#checkListAccountLoginSuccess</h3><table class="result"><tr class="param"><th>Parameter #1</th></tr><tr class="param stripe"><td>Account{userName=&apos;panda.toila@gmail.com3&apos;, password=&apos;Matkhau@123&apos;}</td></tr><tr><th>Exception</th></tr><tr><td><div class="stacktrace">java.lang.AssertionError: expected [true] but found [false]
	at testng.TestLoginWeb.checkListAccountLoginSuccess(TestLoginWeb.java:98)
	at java.base/java.util.ArrayList.forEach(ArrayList.java:1541)
	at com.intellij.rt.testng.IDEARemoteTestNG.run(IDEARemoteTestNG.java:66)
	at com.intellij.rt.testng.RemoteTestNGStarter.main(RemoteTestNGStarter.java:109)
... Removed 28 stack frames</div></td></tr></table><p class="totop"><a href="#summary">back to summary</a></p>
<h3 id="m2">testng.TestLoginWeb#checkListAccountLoginSuccess</h3><table class="result"><tr class="param"><th>Parameter #1</th></tr><tr class="param stripe"><td>Account{userName=&apos;panda.toila@gmail.com9&apos;, password=&apos;Matkhau@123&apos;}</td></tr><tr><th>Exception</th></tr><tr><td><div class="stacktrace">java.lang.AssertionError: expected [true] but found [false]
	at testng.TestLoginWeb.checkListAccountLoginSuccess(TestLoginWeb.java:98)
	at java.base/java.util.ArrayList.forEach(ArrayList.java:1541)
	at com.intellij.rt.testng.IDEARemoteTestNG.run(IDEARemoteTestNG.java:66)
	at com.intellij.rt.testng.RemoteTestNGStarter.main(RemoteTestNGStarter.java:109)
... Removed 28 stack frames</div></td></tr></table><p class="totop"><a href="#summary">back to summary</a></p>
<h3 id="m3">testng.TestLoginWeb#checkListAccountLoginSuccess</h3><table class="result"><tr class="param"><th>Parameter #1</th></tr><tr class="param stripe"><td>Account{userName=&apos;panda.toila@gmail.com4&apos;, password=&apos;Matkhau@123&apos;}</td></tr><tr><th>Exception</th></tr><tr><td><div class="stacktrace">java.lang.AssertionError: expected [true] but found [false]
	at testng.TestLoginWeb.checkListAccountLoginSuccess(TestLoginWeb.java:98)
	at java.base/java.util.ArrayList.forEach(ArrayList.java:1541)
	at com.intellij.rt.testng.IDEARemoteTestNG.run(IDEARemoteTestNG.java:66)
	at com.intellij.rt.testng.RemoteTestNGStarter.main(RemoteTestNGStarter.java:109)
... Removed 28 stack frames</div></td></tr></table><p class="totop"><a href="#summary">back to summary</a></p>
<h3 id="m4">testng.TestLoginWeb#checkListAccountLoginSuccess</h3><table class="result"><tr class="param"><th>Parameter #1</th></tr><tr class="param stripe"><td>Account{userName=&apos;panda.toila@gmail.com2&apos;, password=&apos;Matkhau@123&apos;}</td></tr><tr><th>Exception</th></tr><tr><td><div class="stacktrace">java.lang.AssertionError: expected [true] but found [false]
	at testng.TestLoginWeb.checkListAccountLoginSuccess(TestLoginWeb.java:98)
	at java.base/java.util.ArrayList.forEach(ArrayList.java:1541)
	at com.intellij.rt.testng.IDEARemoteTestNG.run(IDEARemoteTestNG.java:66)
	at com.intellij.rt.testng.RemoteTestNGStarter.main(RemoteTestNGStarter.java:109)
... Removed 28 stack frames</div></td></tr></table><p class="totop"><a href="#summary">back to summary</a></p>
<h3 id="m5">testng.TestLoginWeb#checkListAccountLoginSuccess</h3><table class="result"><tr class="param"><th>Parameter #1</th></tr><tr class="param stripe"><td>Account{userName=&apos;username&apos;, password=&apos;password&apos;}</td></tr><tr><th>Exception</th></tr><tr><td><div class="stacktrace">java.lang.AssertionError: expected [true] but found [false]
	at testng.TestLoginWeb.checkListAccountLoginSuccess(TestLoginWeb.java:98)
	at java.base/java.util.ArrayList.forEach(ArrayList.java:1541)
	at com.intellij.rt.testng.IDEARemoteTestNG.run(IDEARemoteTestNG.java:66)
	at com.intellij.rt.testng.RemoteTestNGStarter.main(RemoteTestNGStarter.java:109)
... Removed 28 stack frames</div></td></tr></table><p class="totop"><a href="#summary">back to summary</a></p>
<h3 id="m6">testng.TestLoginWeb#checkListAccountLoginSuccess</h3><table class="result"><tr class="param"><th>Parameter #1</th></tr><tr class="param stripe"><td>Account{userName=&apos;panda.toila@gmail.com6&apos;, password=&apos;Matkhau@123&apos;}</td></tr><tr><th>Exception</th></tr><tr><td><div class="stacktrace">java.lang.AssertionError: expected [true] but found [false]
	at testng.TestLoginWeb.checkListAccountLoginSuccess(TestLoginWeb.java:98)
	at java.base/java.util.ArrayList.forEach(ArrayList.java:1541)
	at com.intellij.rt.testng.IDEARemoteTestNG.run(IDEARemoteTestNG.java:66)
	at com.intellij.rt.testng.RemoteTestNGStarter.main(RemoteTestNGStarter.java:109)
... Removed 28 stack frames</div></td></tr></table><p class="totop"><a href="#summary">back to summary</a></p>
<h3 id="m7">testng.TestLoginWeb#checkListAccountLoginSuccess</h3><table class="result"><tr class="param"><th>Parameter #1</th></tr><tr class="param stripe"><td>Account{userName=&apos;&apos;, password=&apos;Matkhau@123&apos;}</td></tr><tr><th>Exception</th></tr><tr><td><div class="stacktrace">java.lang.AssertionError: expected [true] but found [false]
	at testng.TestLoginWeb.checkListAccountLoginSuccess(TestLoginWeb.java:98)
	at java.base/java.util.ArrayList.forEach(ArrayList.java:1541)
	at com.intellij.rt.testng.IDEARemoteTestNG.run(IDEARemoteTestNG.java:66)
	at com.intellij.rt.testng.RemoteTestNGStarter.main(RemoteTestNGStarter.java:109)
... Removed 28 stack frames</div></td></tr></table><p class="totop"><a href="#summary">back to summary</a></p>
<h3 id="m8">testng.TestLoginWeb#checkListAccountLoginSuccess</h3><table class="result"><tr class="param"><th>Parameter #1</th></tr><tr class="param stripe"><td>Account{userName=&apos;panda.toila@gmail.com7&apos;, password=&apos;3&apos;}</td></tr><tr><th>Exception</th></tr><tr><td><div class="stacktrace">java.lang.AssertionError: expected [true] but found [false]
	at testng.TestLoginWeb.checkListAccountLoginSuccess(TestLoginWeb.java:98)
	at java.base/java.util.ArrayList.forEach(ArrayList.java:1541)
	at com.intellij.rt.testng.IDEARemoteTestNG.run(IDEARemoteTestNG.java:66)
	at com.intellij.rt.testng.RemoteTestNGStarter.main(RemoteTestNGStarter.java:109)
... Removed 28 stack frames</div></td></tr></table><p class="totop"><a href="#summary">back to summary</a></p>
<h3 id="m9">testng.TestLoginWeb#checkLoginFail</h3><table class="result"><tr><th>Exception</th></tr><tr><td><div class="stacktrace">org.openqa.selenium.NoAlertPresentException: Build info: version: &apos;4.10.0&apos;, revision: &apos;c14d967899&apos;
System info: os.name: &apos;Mac OS X&apos;, os.arch: &apos;x86_64&apos;, os.version: &apos;14.1.1&apos;, java.version: &apos;11.0.15.1&apos;
Driver info: org.openqa.selenium.safari.SafariDriver
Command: [26FA4524-B844-43D9-9FB5-79E0B88FE3B1, getAlertText {}]
Capabilities {acceptInsecureCerts: false, browserName: Safari, browserVersion: 17.1, platformName: mac, safari:automaticInspection: false, safari:automaticProfiling: false, safari:diagnose: false, safari:platformBuildVersion: 23B81, safari:platformVersion: 14.1.1, safari:useSimulator: false, setWindowRect: true, strictFileInteractability: false, webkit:WebRTC: {DisableICECandidateFiltering: false, DisableInsecureMediaCapture: false}}
Session ID: 26FA4524-B844-43D9-9FB5-79E0B88FE3B1
	at org.openqa.selenium.remote.codec.w3c.W3CHttpResponseCodec.createException(W3CHttpResponseCodec.java:199)
	at org.openqa.selenium.remote.codec.w3c.W3CHttpResponseCodec.decode(W3CHttpResponseCodec.java:132)
	at org.openqa.selenium.remote.codec.w3c.W3CHttpResponseCodec.decode(W3CHttpResponseCodec.java:51)
	at org.openqa.selenium.remote.HttpCommandExecutor.execute(HttpCommandExecutor.java:191)
	at org.openqa.selenium.remote.service.DriverCommandExecutor.invokeExecute(DriverCommandExecutor.java:196)
	at org.openqa.selenium.remote.service.DriverCommandExecutor.execute(DriverCommandExecutor.java:171)
	at org.openqa.selenium.remote.RemoteWebDriver.execute(RemoteWebDriver.java:531)
	at org.openqa.selenium.remote.RemoteWebDriver.execute(RemoteWebDriver.java:590)
	at org.openqa.selenium.remote.RemoteWebDriver.execute(RemoteWebDriver.java:594)
	at org.openqa.selenium.remote.RemoteWebDriver$RemoteTargetLocator.alert(RemoteWebDriver.java:1084)
	at testng.TestLoginWeb.checkLoginFail(TestLoginWeb.java:79)
	at java.base/java.util.ArrayList.forEach(ArrayList.java:1541)
	at com.intellij.rt.testng.IDEARemoteTestNG.run(IDEARemoteTestNG.java:66)
	at com.intellij.rt.testng.RemoteTestNGStarter.main(RemoteTestNGStarter.java:109)
... Removed 28 stack frames</div></td></tr></table><p class="totop"><a href="#summary">back to summary</a></p>
<h3 id="m10">testng.TestLoginWeb#checkListAccountLoginSuccess</h3><table class="result"><tr class="param"><th>Parameter #1</th></tr><tr class="param stripe"><td>Account{userName=&apos;panda.toila@gmail.com&apos;, password=&apos;Matkhau@123&apos;}</td></tr></table><p class="totop"><a href="#summary">back to summary</a></p>
<h3 id="m11">testng.TestLoginWeb#checkLoginRemember</h3><table class="result"><tr><th class="invisible"/></tr></table><p class="totop"><a href="#summary">back to summary</a></p>
<h3 id="m12">testng.TestLoginWeb#checkLoginSuccess</h3><table class="result"><tr><th class="invisible"/></tr></table><p class="totop"><a href="#summary">back to summary</a></p>
</body>
</html>
